<?xml version="1.0" encoding="UTF-8"?>
<testsuite xmlns:xsi="http://www.w3.org/2001/XMLSchema-instance" xsi:noNamespaceSchemaLocation="https://maven.apache.org/surefire/maven-surefire-plugin/xsd/surefire-test-report-3.0.xsd" version="3.0" name="com.udacity.security.service.SecurityServiceTest" time="0.355" tests="21" errors="0" skipped="0" failures="0">
  <properties>
    <property name="java.specification.version" value="17"/>
    <property name="sun.jnu.encoding" value="UTF-8"/>
    <property name="java.class.path" value="/Users/shubhamtripathi7/Java-Practice/JP3-UdaSecurity/HomeSecurity/security-service/target/test-classes:/Users/shubhamtripathi7/.m2/repository/com/google/guava/failureaccess/1.0.1/failureaccess-1.0.1.jar:/Users/shubhamtripathi7/.m2/repository/com/google/guava/listenablefuture/9999.0-empty-to-avoid-conflict-with-guava/listenablefuture-9999.0-empty-to-avoid-conflict-with-guava.jar:/Users/shubhamtripathi7/.m2/repository/com/google/code/findbugs/jsr305/3.0.2/jsr305-3.0.2.jar:/Users/shubhamtripathi7/.m2/repository/org/checkerframework/checker-qual/3.12.0/checker-qual-3.12.0.jar:/Users/shubhamtripathi7/.m2/repository/com/google/errorprone/error_prone_annotations/2.11.0/error_prone_annotations-2.11.0.jar:/Users/shubhamtripathi7/.m2/repository/com/google/j2objc/j2objc-annotations/1.3/j2objc-annotations-1.3.jar:/Users/shubhamtripathi7/.m2/repository/org/junit/jupiter/junit-jupiter-api/5.9.0/junit-jupiter-api-5.9.0.jar:/Users/shubhamtripathi7/.m2/repository/org/opentest4j/opentest4j/1.2.0/opentest4j-1.2.0.jar:/Users/shubhamtripathi7/.m2/repository/org/junit/platform/junit-platform-commons/1.9.0/junit-platform-commons-1.9.0.jar:/Users/shubhamtripathi7/.m2/repository/org/apiguardian/apiguardian-api/1.1.2/apiguardian-api-1.1.2.jar:/Users/shubhamtripathi7/.m2/repository/org/junit/jupiter/junit-jupiter-params/5.9.0/junit-jupiter-params-5.9.0.jar:/Users/shubhamtripathi7/.m2/repository/org/mockito/mockito-junit-jupiter/4.8.0/mockito-junit-jupiter-4.8.0.jar:/Users/shubhamtripathi7/.m2/repository/org/mockito/mockito-core/4.8.0/mockito-core-4.8.0.jar:/Users/shubhamtripathi7/.m2/repository/net/bytebuddy/byte-buddy/1.12.14/byte-buddy-1.12.14.jar:/Users/shubhamtripathi7/.m2/repository/net/bytebuddy/byte-buddy-agent/1.12.14/byte-buddy-agent-1.12.14.jar:/Users/shubhamtripathi7/.m2/repository/org/objenesis/objenesis/3.2/objenesis-3.2.jar:/Users/shubhamtripathi7/.m2/repository/software/amazon/awssdk/annotations/2.18.21/annotations-2.18.21.jar:/Users/shubhamtripathi7/.m2/repository/software/amazon/awssdk/utils/2.18.21/utils-2.18.21.jar:/Users/shubhamtripathi7/.m2/repository/org/reactivestreams/reactive-streams/1.0.3/reactive-streams-1.0.3.jar:/Users/shubhamtripathi7/.m2/repository/software/amazon/awssdk/endpoints-spi/2.18.21/endpoints-spi-2.18.21.jar:/Users/shubhamtripathi7/.m2/repository/software/amazon/awssdk/profiles/2.18.21/profiles-2.18.21.jar:/Users/shubhamtripathi7/.m2/repository/software/amazon/awssdk/http-client-spi/2.18.21/http-client-spi-2.18.21.jar:/Users/shubhamtripathi7/.m2/repository/software/amazon/awssdk/json-utils/2.18.21/json-utils-2.18.21.jar:/Users/shubhamtripathi7/.m2/repository/software/amazon/awssdk/third-party-jackson-core/2.18.21/third-party-jackson-core-2.18.21.jar:/Users/shubhamtripathi7/.m2/repository/software/amazon/eventstream/eventstream/1.0.1/eventstream-1.0.1.jar:/Users/shubhamtripathi7/.m2/repository/software/amazon/awssdk/aws-json-protocol/2.18.21/aws-json-protocol-2.18.21.jar:/Users/shubhamtripathi7/.m2/repository/software/amazon/awssdk/protocol-core/2.18.21/protocol-core-2.18.21.jar:/Users/shubhamtripathi7/.m2/repository/software/amazon/awssdk/aws-core/2.18.21/aws-core-2.18.21.jar:/Users/shubhamtripathi7/.m2/repository/software/amazon/awssdk/metrics-spi/2.18.21/metrics-spi-2.18.21.jar:/Users/shubhamtripathi7/.m2/repository/software/amazon/awssdk/apache-client/2.18.21/apache-client-2.18.21.jar:/Users/shubhamtripathi7/.m2/repository/org/apache/httpcomponents/httpclient/4.5.13/httpclient-4.5.13.jar:/Users/shubhamtripathi7/.m2/repository/commons-logging/commons-logging/1.2/commons-logging-1.2.jar:/Users/shubhamtripathi7/.m2/repository/commons-codec/commons-codec/1.11/commons-codec-1.11.jar:/Users/shubhamtripathi7/.m2/repository/org/apache/httpcomponents/httpcore/4.4.13/httpcore-4.4.13.jar:/Users/shubhamtripathi7/.m2/repository/software/amazon/awssdk/netty-nio-client/2.18.21/netty-nio-client-2.18.21.jar:/Users/shubhamtripathi7/.m2/repository/io/netty/netty-codec-http/4.1.77.Final/netty-codec-http-4.1.77.Final.jar:/Users/shubhamtripathi7/.m2/repository/io/netty/netty-codec-http2/4.1.77.Final/netty-codec-http2-4.1.77.Final.jar:/Users/shubhamtripathi7/.m2/repository/io/netty/netty-codec/4.1.77.Final/netty-codec-4.1.77.Final.jar:/Users/shubhamtripathi7/.m2/repository/io/netty/netty-transport/4.1.77.Final/netty-transport-4.1.77.Final.jar:/Users/shubhamtripathi7/.m2/repository/io/netty/netty-resolver/4.1.77.Final/netty-resolver-4.1.77.Final.jar:/Users/shubhamtripathi7/.m2/repository/io/netty/netty-common/4.1.77.Final/netty-common-4.1.77.Final.jar:/Users/shubhamtripathi7/.m2/repository/io/netty/netty-buffer/4.1.77.Final/netty-buffer-4.1.77.Final.jar:/Users/shubhamtripathi7/.m2/repository/io/netty/netty-handler/4.1.77.Final/netty-handler-4.1.77.Final.jar:/Users/shubhamtripathi7/.m2/repository/io/netty/netty-transport-classes-epoll/4.1.77.Final/netty-transport-classes-epoll-4.1.77.Final.jar:/Users/shubhamtripathi7/.m2/repository/io/netty/netty-transport-native-unix-common/4.1.77.Final/netty-transport-native-unix-common-4.1.77.Final.jar:"/>
    <property name="java.vm.vendor" value="Oracle Corporation"/>
    <property name="sun.arch.data.model" value="64"/>
    <property name="sun.font.fontmanager" value="sun.font.CFontManager"/>
    <property name="java.vendor.url" value="https://java.oracle.com/"/>
    <property name="os.name" value="Mac OS X"/>
    <property name="java.vm.specification.version" value="17"/>
    <property name="sun.java.launcher" value="SUN_STANDARD"/>
    <property name="user.country" value="IN"/>
    <property name="sun.boot.library.path" value="/Library/Java/JavaVirtualMachines/jdk-17.0.2.jdk/Contents/Home/lib"/>
    <property name="sun.java.command" value="org.apache.maven.surefire.booter.ForkedBooter /Users/shubhamtripathi7/Java-Practice/JP3-UdaSecurity/HomeSecurity/security-service/target/surefire 2023-01-07T22-55-21_590-jvmRun1 surefire-20230107225522091_1tmp surefire_0-20230107225522091_2tmp"/>
    <property name="jdk.debug" value="release"/>
    <property name="surefire.test.class.path" value="/Users/shubhamtripathi7/Java-Practice/JP3-UdaSecurity/HomeSecurity/security-service/target/test-classes:/Users/shubhamtripathi7/.m2/repository/com/google/guava/failureaccess/1.0.1/failureaccess-1.0.1.jar:/Users/shubhamtripathi7/.m2/repository/com/google/guava/listenablefuture/9999.0-empty-to-avoid-conflict-with-guava/listenablefuture-9999.0-empty-to-avoid-conflict-with-guava.jar:/Users/shubhamtripathi7/.m2/repository/com/google/code/findbugs/jsr305/3.0.2/jsr305-3.0.2.jar:/Users/shubhamtripathi7/.m2/repository/org/checkerframework/checker-qual/3.12.0/checker-qual-3.12.0.jar:/Users/shubhamtripathi7/.m2/repository/com/google/errorprone/error_prone_annotations/2.11.0/error_prone_annotations-2.11.0.jar:/Users/shubhamtripathi7/.m2/repository/com/google/j2objc/j2objc-annotations/1.3/j2objc-annotations-1.3.jar:/Users/shubhamtripathi7/.m2/repository/org/junit/jupiter/junit-jupiter-api/5.9.0/junit-jupiter-api-5.9.0.jar:/Users/shubhamtripathi7/.m2/repository/org/opentest4j/opentest4j/1.2.0/opentest4j-1.2.0.jar:/Users/shubhamtripathi7/.m2/repository/org/junit/platform/junit-platform-commons/1.9.0/junit-platform-commons-1.9.0.jar:/Users/shubhamtripathi7/.m2/repository/org/apiguardian/apiguardian-api/1.1.2/apiguardian-api-1.1.2.jar:/Users/shubhamtripathi7/.m2/repository/org/junit/jupiter/junit-jupiter-params/5.9.0/junit-jupiter-params-5.9.0.jar:/Users/shubhamtripathi7/.m2/repository/org/mockito/mockito-junit-jupiter/4.8.0/mockito-junit-jupiter-4.8.0.jar:/Users/shubhamtripathi7/.m2/repository/org/mockito/mockito-core/4.8.0/mockito-core-4.8.0.jar:/Users/shubhamtripathi7/.m2/repository/net/bytebuddy/byte-buddy/1.12.14/byte-buddy-1.12.14.jar:/Users/shubhamtripathi7/.m2/repository/net/bytebuddy/byte-buddy-agent/1.12.14/byte-buddy-agent-1.12.14.jar:/Users/shubhamtripathi7/.m2/repository/org/objenesis/objenesis/3.2/objenesis-3.2.jar:/Users/shubhamtripathi7/.m2/repository/software/amazon/awssdk/annotations/2.18.21/annotations-2.18.21.jar:/Users/shubhamtripathi7/.m2/repository/software/amazon/awssdk/utils/2.18.21/utils-2.18.21.jar:/Users/shubhamtripathi7/.m2/repository/org/reactivestreams/reactive-streams/1.0.3/reactive-streams-1.0.3.jar:/Users/shubhamtripathi7/.m2/repository/software/amazon/awssdk/endpoints-spi/2.18.21/endpoints-spi-2.18.21.jar:/Users/shubhamtripathi7/.m2/repository/software/amazon/awssdk/profiles/2.18.21/profiles-2.18.21.jar:/Users/shubhamtripathi7/.m2/repository/software/amazon/awssdk/http-client-spi/2.18.21/http-client-spi-2.18.21.jar:/Users/shubhamtripathi7/.m2/repository/software/amazon/awssdk/json-utils/2.18.21/json-utils-2.18.21.jar:/Users/shubhamtripathi7/.m2/repository/software/amazon/awssdk/third-party-jackson-core/2.18.21/third-party-jackson-core-2.18.21.jar:/Users/shubhamtripathi7/.m2/repository/software/amazon/eventstream/eventstream/1.0.1/eventstream-1.0.1.jar:/Users/shubhamtripathi7/.m2/repository/software/amazon/awssdk/aws-json-protocol/2.18.21/aws-json-protocol-2.18.21.jar:/Users/shubhamtripathi7/.m2/repository/software/amazon/awssdk/protocol-core/2.18.21/protocol-core-2.18.21.jar:/Users/shubhamtripathi7/.m2/repository/software/amazon/awssdk/aws-core/2.18.21/aws-core-2.18.21.jar:/Users/shubhamtripathi7/.m2/repository/software/amazon/awssdk/metrics-spi/2.18.21/metrics-spi-2.18.21.jar:/Users/shubhamtripathi7/.m2/repository/software/amazon/awssdk/apache-client/2.18.21/apache-client-2.18.21.jar:/Users/shubhamtripathi7/.m2/repository/org/apache/httpcomponents/httpclient/4.5.13/httpclient-4.5.13.jar:/Users/shubhamtripathi7/.m2/repository/commons-logging/commons-logging/1.2/commons-logging-1.2.jar:/Users/shubhamtripathi7/.m2/repository/commons-codec/commons-codec/1.11/commons-codec-1.11.jar:/Users/shubhamtripathi7/.m2/repository/org/apache/httpcomponents/httpcore/4.4.13/httpcore-4.4.13.jar:/Users/shubhamtripathi7/.m2/repository/software/amazon/awssdk/netty-nio-client/2.18.21/netty-nio-client-2.18.21.jar:/Users/shubhamtripathi7/.m2/repository/io/netty/netty-codec-http/4.1.77.Final/netty-codec-http-4.1.77.Final.jar:/Users/shubhamtripathi7/.m2/repository/io/netty/netty-codec-http2/4.1.77.Final/netty-codec-http2-4.1.77.Final.jar:/Users/shubhamtripathi7/.m2/repository/io/netty/netty-codec/4.1.77.Final/netty-codec-4.1.77.Final.jar:/Users/shubhamtripathi7/.m2/repository/io/netty/netty-transport/4.1.77.Final/netty-transport-4.1.77.Final.jar:/Users/shubhamtripathi7/.m2/repository/io/netty/netty-resolver/4.1.77.Final/netty-resolver-4.1.77.Final.jar:/Users/shubhamtripathi7/.m2/repository/io/netty/netty-common/4.1.77.Final/netty-common-4.1.77.Final.jar:/Users/shubhamtripathi7/.m2/repository/io/netty/netty-buffer/4.1.77.Final/netty-buffer-4.1.77.Final.jar:/Users/shubhamtripathi7/.m2/repository/io/netty/netty-handler/4.1.77.Final/netty-handler-4.1.77.Final.jar:/Users/shubhamtripathi7/.m2/repository/io/netty/netty-transport-classes-epoll/4.1.77.Final/netty-transport-classes-epoll-4.1.77.Final.jar:/Users/shubhamtripathi7/.m2/repository/io/netty/netty-transport-native-unix-common/4.1.77.Final/netty-transport-native-unix-common-4.1.77.Final.jar:"/>
    <property name="sun.cpu.endian" value="little"/>
    <property name="user.home" value="/Users/shubhamtripathi7"/>
    <property name="user.language" value="en"/>
    <property name="java.specification.vendor" value="Oracle Corporation"/>
    <property name="jdk.module.path" value="/Users/shubhamtripathi7/Java-Practice/JP3-UdaSecurity/HomeSecurity/security-service/target/classes:/Users/shubhamtripathi7/.m2/repository/com/google/code/gson/gson/2.10/gson-2.10.jar:/Users/shubhamtripathi7/.m2/repository/com/google/guava/guava/31.1-jre/guava-31.1-jre.jar:/Users/shubhamtripathi7/.m2/repository/com/miglayout/miglayout/3.7.4/miglayout-3.7.4.jar:/Users/shubhamtripathi7/Java-Practice/JP3-UdaSecurity/HomeSecurity/image-service/target/image-1.0-SNAPSHOT.jar:/Users/shubhamtripathi7/.m2/repository/org/slf4j/slf4j-api/2.0.4/slf4j-api-2.0.4.jar:/Users/shubhamtripathi7/.m2/repository/software/amazon/awssdk/auth/2.18.21/auth-2.18.21.jar:/Users/shubhamtripathi7/.m2/repository/software/amazon/awssdk/sdk-core/2.18.21/sdk-core-2.18.21.jar:/Users/shubhamtripathi7/.m2/repository/software/amazon/awssdk/regions/2.18.21/regions-2.18.21.jar:/Users/shubhamtripathi7/.m2/repository/software/amazon/awssdk/rekognition/2.18.21/rekognition-2.18.21.jar"/>
    <property name="java.version.date" value="2022-01-18"/>
    <property name="java.home" value="/Library/Java/JavaVirtualMachines/jdk-17.0.2.jdk/Contents/Home"/>
    <property name="file.separator" value="/"/>
    <property name="basedir" value="/Users/shubhamtripathi7/Java-Practice/JP3-UdaSecurity/HomeSecurity/security-service"/>
    <property name="java.vm.compressedOopsMode" value="Zero based"/>
    <property name="line.separator" value="&#10;"/>
    <property name="java.specification.name" value="Java Platform API Specification"/>
    <property name="java.vm.specification.vendor" value="Oracle Corporation"/>
    <property name="surefire.real.class.path" value="/Users/shubhamtripathi7/.m2/repository/org/apache/maven/surefire/surefire-booter/3.0.0-M7/surefire-booter-3.0.0-M7.jar:/Users/shubhamtripathi7/.m2/repository/org/apache/maven/surefire/surefire-api/3.0.0-M7/surefire-api-3.0.0-M7.jar:/Users/shubhamtripathi7/.m2/repository/org/apache/maven/surefire/surefire-logger-api/3.0.0-M7/surefire-logger-api-3.0.0-M7.jar:/Users/shubhamtripathi7/.m2/repository/org/apache/maven/surefire/surefire-shared-utils/3.0.0-M7/surefire-shared-utils-3.0.0-M7.jar:/Users/shubhamtripathi7/.m2/repository/org/apache/maven/surefire/surefire-extensions-spi/3.0.0-M7/surefire-extensions-spi-3.0.0-M7.jar:/Users/shubhamtripathi7/Java-Practice/JP3-UdaSecurity/HomeSecurity/security-service/target/test-classes:/Users/shubhamtripathi7/.m2/repository/com/google/guava/failureaccess/1.0.1/failureaccess-1.0.1.jar:/Users/shubhamtripathi7/.m2/repository/com/google/guava/listenablefuture/9999.0-empty-to-avoid-conflict-with-guava/listenablefuture-9999.0-empty-to-avoid-conflict-with-guava.jar:/Users/shubhamtripathi7/.m2/repository/com/google/code/findbugs/jsr305/3.0.2/jsr305-3.0.2.jar:/Users/shubhamtripathi7/.m2/repository/org/checkerframework/checker-qual/3.12.0/checker-qual-3.12.0.jar:/Users/shubhamtripathi7/.m2/repository/com/google/errorprone/error_prone_annotations/2.11.0/error_prone_annotations-2.11.0.jar:/Users/shubhamtripathi7/.m2/repository/com/google/j2objc/j2objc-annotations/1.3/j2objc-annotations-1.3.jar:/Users/shubhamtripathi7/.m2/repository/org/junit/jupiter/junit-jupiter-api/5.9.0/junit-jupiter-api-5.9.0.jar:/Users/shubhamtripathi7/.m2/repository/org/opentest4j/opentest4j/1.2.0/opentest4j-1.2.0.jar:/Users/shubhamtripathi7/.m2/repository/org/junit/platform/junit-platform-commons/1.9.0/junit-platform-commons-1.9.0.jar:/Users/shubhamtripathi7/.m2/repository/org/apiguardian/apiguardian-api/1.1.2/apiguardian-api-1.1.2.jar:/Users/shubhamtripathi7/.m2/repository/org/junit/jupiter/junit-jupiter-params/5.9.0/junit-jupiter-params-5.9.0.jar:/Users/shubhamtripathi7/.m2/repository/org/mockito/mockito-junit-jupiter/4.8.0/mockito-junit-jupiter-4.8.0.jar:/Users/shubhamtripathi7/.m2/repository/org/mockito/mockito-core/4.8.0/mockito-core-4.8.0.jar:/Users/shubhamtripathi7/.m2/repository/net/bytebuddy/byte-buddy/1.12.14/byte-buddy-1.12.14.jar:/Users/shubhamtripathi7/.m2/repository/net/bytebuddy/byte-buddy-agent/1.12.14/byte-buddy-agent-1.12.14.jar:/Users/shubhamtripathi7/.m2/repository/org/objenesis/objenesis/3.2/objenesis-3.2.jar:/Users/shubhamtripathi7/.m2/repository/software/amazon/awssdk/annotations/2.18.21/annotations-2.18.21.jar:/Users/shubhamtripathi7/.m2/repository/software/amazon/awssdk/utils/2.18.21/utils-2.18.21.jar:/Users/shubhamtripathi7/.m2/repository/org/reactivestreams/reactive-streams/1.0.3/reactive-streams-1.0.3.jar:/Users/shubhamtripathi7/.m2/repository/software/amazon/awssdk/endpoints-spi/2.18.21/endpoints-spi-2.18.21.jar:/Users/shubhamtripathi7/.m2/repository/software/amazon/awssdk/profiles/2.18.21/profiles-2.18.21.jar:/Users/shubhamtripathi7/.m2/repository/software/amazon/awssdk/http-client-spi/2.18.21/http-client-spi-2.18.21.jar:/Users/shubhamtripathi7/.m2/repository/software/amazon/awssdk/json-utils/2.18.21/json-utils-2.18.21.jar:/Users/shubhamtripathi7/.m2/repository/software/amazon/awssdk/third-party-jackson-core/2.18.21/third-party-jackson-core-2.18.21.jar:/Users/shubhamtripathi7/.m2/repository/software/amazon/eventstream/eventstream/1.0.1/eventstream-1.0.1.jar:/Users/shubhamtripathi7/.m2/repository/software/amazon/awssdk/aws-json-protocol/2.18.21/aws-json-protocol-2.18.21.jar:/Users/shubhamtripathi7/.m2/repository/software/amazon/awssdk/protocol-core/2.18.21/protocol-core-2.18.21.jar:/Users/shubhamtripathi7/.m2/repository/software/amazon/awssdk/aws-core/2.18.21/aws-core-2.18.21.jar:/Users/shubhamtripathi7/.m2/repository/software/amazon/awssdk/metrics-spi/2.18.21/metrics-spi-2.18.21.jar:/Users/shubhamtripathi7/.m2/repository/software/amazon/awssdk/apache-client/2.18.21/apache-client-2.18.21.jar:/Users/shubhamtripathi7/.m2/repository/org/apache/httpcomponents/httpclient/4.5.13/httpclient-4.5.13.jar:/Users/shubhamtripathi7/.m2/repository/commons-logging/commons-logging/1.2/commons-logging-1.2.jar:/Users/shubhamtripathi7/.m2/repository/commons-codec/commons-codec/1.11/commons-codec-1.11.jar:/Users/shubhamtripathi7/.m2/repository/org/apache/httpcomponents/httpcore/4.4.13/httpcore-4.4.13.jar:/Users/shubhamtripathi7/.m2/repository/software/amazon/awssdk/netty-nio-client/2.18.21/netty-nio-client-2.18.21.jar:/Users/shubhamtripathi7/.m2/repository/io/netty/netty-codec-http/4.1.77.Final/netty-codec-http-4.1.77.Final.jar:/Users/shubhamtripathi7/.m2/repository/io/netty/netty-codec-http2/4.1.77.Final/netty-codec-http2-4.1.77.Final.jar:/Users/shubhamtripathi7/.m2/repository/io/netty/netty-codec/4.1.77.Final/netty-codec-4.1.77.Final.jar:/Users/shubhamtripathi7/.m2/repository/io/netty/netty-transport/4.1.77.Final/netty-transport-4.1.77.Final.jar:/Users/shubhamtripathi7/.m2/repository/io/netty/netty-resolver/4.1.77.Final/netty-resolver-4.1.77.Final.jar:/Users/shubhamtripathi7/.m2/repository/io/netty/netty-common/4.1.77.Final/netty-common-4.1.77.Final.jar:/Users/shubhamtripathi7/.m2/repository/io/netty/netty-buffer/4.1.77.Final/netty-buffer-4.1.77.Final.jar:/Users/shubhamtripathi7/.m2/repository/io/netty/netty-handler/4.1.77.Final/netty-handler-4.1.77.Final.jar:/Users/shubhamtripathi7/.m2/repository/io/netty/netty-transport-classes-epoll/4.1.77.Final/netty-transport-classes-epoll-4.1.77.Final.jar:/Users/shubhamtripathi7/.m2/repository/io/netty/netty-transport-native-unix-common/4.1.77.Final/netty-transport-native-unix-common-4.1.77.Final.jar:/Users/shubhamtripathi7/.m2/repository/org/apache/maven/surefire/surefire-junit-platform/3.0.0-M7/surefire-junit-platform-3.0.0-M7.jar:/Users/shubhamtripathi7/.m2/repository/org/apache/maven/surefire/common-java5/3.0.0-M7/common-java5-3.0.0-M7.jar:/Users/shubhamtripathi7/.m2/repository/org/junit/platform/junit-platform-launcher/1.9.0/junit-platform-launcher-1.9.0.jar:/Users/shubhamtripathi7/.m2/repository/org/junit/platform/junit-platform-engine/1.9.0/junit-platform-engine-1.9.0.jar:/Users/shubhamtripathi7/.m2/repository/org/junit/jupiter/junit-jupiter-engine/5.9.0/junit-jupiter-engine-5.9.0.jar"/>
    <property name="sun.management.compiler" value="HotSpot 64-Bit Tiered Compilers"/>
    <property name="java.runtime.version" value="17.0.2+8-LTS-86"/>
    <property name="user.name" value="shubhamtripathi7"/>
    <property name="path.separator" value=":"/>
    <property name="os.version" value="12.6.1"/>
    <property name="java.runtime.name" value="Java(TM) SE Runtime Environment"/>
    <property name="file.encoding" value="US-ASCII"/>
    <property name="java.vm.name" value="Java HotSpot(TM) 64-Bit Server VM"/>
    <property name="localRepository" value="/Users/shubhamtripathi7/.m2/repository"/>
    <property name="java.vendor.url.bug" value="https://bugreport.java.com/bugreport/"/>
    <property name="java.io.tmpdir" value="/var/folders/58/vcbngvhs1xn6z0nktwznww300000gp/T/"/>
    <property name="idea.version" value="2022.2.4"/>
    <property name="java.version" value="17.0.2"/>
    <property name="user.dir" value="/Users/shubhamtripathi7/Java-Practice/JP3-UdaSecurity/HomeSecurity/security-service"/>
    <property name="os.arch" value="aarch64"/>
    <property name="java.vm.specification.name" value="Java Virtual Machine Specification"/>
    <property name="native.encoding" value="US-ASCII"/>
    <property name="java.library.path" value="/Users/shubhamtripathi7/Library/Java/Extensions:/Library/Java/Extensions:/Network/Library/Java/Extensions:/System/Library/Java/Extensions:/usr/lib/java:."/>
    <property name="java.vm.info" value="mixed mode"/>
    <property name="java.vendor" value="Oracle Corporation"/>
    <property name="java.vm.version" value="17.0.2+8-LTS-86"/>
    <property name="sun.io.unicode.encoding" value="UnicodeBig"/>
    <property name="java.class.version" value="61.0"/>
  </properties>
  <testcase name="whenCameraShowsCat_alarm" classname="com.udacity.security.service.SecurityServiceTest" time="0.284"/>
  <testcase name="whenSensorDeactivatedAndStatusPending_noAlarmStateChange(AlarmStatus)[1]" classname="com.udacity.security.service.SecurityServiceTest" time="0.011"/>
  <testcase name="whenSensorDeactivatedAndStatusPending_noAlarmStateChange(AlarmStatus)[2]" classname="com.udacity.security.service.SecurityServiceTest" time="0.001"/>
  <testcase name="whenSensorDeactivatedAndStatusPending_noAlarmStateChange(AlarmStatus)[3]" classname="com.udacity.security.service.SecurityServiceTest" time="0.001"/>
  <testcase name="whenSensorActiveAndAlarm" classname="com.udacity.security.service.SecurityServiceTest" time="0.001"/>
  <testcase name="toggleStatusListener" classname="com.udacity.security.service.SecurityServiceTest" time="0.001"/>
  <testcase name="whenImageServiceIdentifiesNoCat_noAlarm" classname="com.udacity.security.service.SecurityServiceTest" time="0.002"/>
  <testcase name="addRemoveSensors" classname="com.udacity.security.service.SecurityServiceTest" time="0.001"/>
  <testcase name="whenAlarmArmedAndSensorActivated_pending(ArmingStatus)[1]" classname="com.udacity.security.service.SecurityServiceTest" time="0.002"/>
  <testcase name="whenAlarmArmedAndSensorActivated_pending(ArmingStatus)[2]" classname="com.udacity.security.service.SecurityServiceTest" time="0.001"/>
  <testcase name="whenSensorActivatedAndStatusPending" classname="com.udacity.security.service.SecurityServiceTest" time="0.001"/>
  <testcase name="whenImageServiceIdentifiesCat_alarm" classname="com.udacity.security.service.SecurityServiceTest" time="0.001"/>
  <testcase name="whenSystemArmed_resetSensors(ArmingStatus)[1]" classname="com.udacity.security.service.SecurityServiceTest" time="0.003"/>
  <testcase name="whenSystemArmed_resetSensors(ArmingStatus)[2]" classname="com.udacity.security.service.SecurityServiceTest" time="0.002"/>
  <testcase name="whenSensorActiveAndPendingAlarm" classname="com.udacity.security.service.SecurityServiceTest" time="0.001"/>
  <testcase name="whenAlarmArmedAndSensorActivatedAndStatusPending_alarm(ArmingStatus)[1]" classname="com.udacity.security.service.SecurityServiceTest" time="0.001"/>
  <testcase name="whenAlarmArmedAndSensorActivatedAndStatusPending_alarm(ArmingStatus)[2]" classname="com.udacity.security.service.SecurityServiceTest" time="0.001"/>
  <testcase name="whenAlarmActiveIfSensorDeactivated_noSensorChange(boolean)[1]" classname="com.udacity.security.service.SecurityServiceTest" time="0.001"/>
  <testcase name="whenAlarmActiveIfSensorDeactivated_noSensorChange(boolean)[2]" classname="com.udacity.security.service.SecurityServiceTest" time="0.001"/>
  <testcase name="whenSystemDisarmed_noAlarm" classname="com.udacity.security.service.SecurityServiceTest" time="0.001"/>
  <testcase name="whenPendingAlarmAndAllSensorsInactive_noAlarm" classname="com.udacity.security.service.SecurityServiceTest" time="0.001"/>
</testsuite>